  [1m[35m (0.1ms)[0m  [1m[34mSELECT sqlite_version(*)[0m
  ↳ bin/rails:9
  [1m[35m (94.4ms)[0m  [1m[35mCREATE TABLE "schema_migrations" ("version" varchar NOT NULL PRIMARY KEY)[0m
  ↳ bin/rails:9
  [1m[35m (84.8ms)[0m  [1m[35mCREATE TABLE "ar_internal_metadata" ("key" varchar NOT NULL PRIMARY KEY, "value" varchar, "created_at" datetime NOT NULL, "updated_at" datetime NOT NULL)[0m
  ↳ bin/rails:9
  [1m[35m (0.1ms)[0m  [1m[34mSELECT "schema_migrations"."version" FROM "schema_migrations" ORDER BY "schema_migrations"."version" ASC[0m
  ↳ bin/rails:9
Migrating to CreateUsers (20190801115529)
  [1m[35m (0.1ms)[0m  [1m[36mbegin transaction[0m
  ↳ bin/rails:9
  [1m[35m (0.3ms)[0m  [1m[35mCREATE TABLE "users" ("id" integer PRIMARY KEY AUTOINCREMENT NOT NULL, "first_name" varchar, "last_name" varchar, "age" integer, "city" varchar, "created_at" datetime NOT NULL, "updated_at" datetime NOT NULL)[0m
  ↳ db/migrate/20190801115529_create_users.rb:3
  [1m[36mActiveRecord::SchemaMigration Create (0.2ms)[0m  [1m[32mINSERT INTO "schema_migrations" ("version") VALUES (?)[0m  [["version", "20190801115529"]]
  ↳ bin/rails:9
  [1m[35m (82.0ms)[0m  [1m[36mcommit transaction[0m
  ↳ bin/rails:9
Migrating to CreateArticles (20190801115708)
  [1m[35m (0.1ms)[0m  [1m[34mSELECT "schema_migrations"."version" FROM "schema_migrations" ORDER BY "schema_migrations"."version" ASC[0m
  ↳ bin/rails:9
Migrating to CreateArticles (20190801115708)
  [1m[35m (0.0ms)[0m  [1m[36mbegin transaction[0m
  ↳ bin/rails:9
  [1m[35m (0.1ms)[0m  [1m[34mSELECT sqlite_version(*)[0m
  ↳ db/migrate/20190801115708_create_articles.rb:3
  [1m[35m (0.3ms)[0m  [1m[35mCREATE TABLE "articles" ("id" integer PRIMARY KEY AUTOINCREMENT NOT NULL, "title" varchar, "subject" varchar, "content" text, "user_id" integer, "created_at" datetime NOT NULL, "updated_at" datetime NOT NULL)[0m
  ↳ db/migrate/20190801115708_create_articles.rb:3
  [1m[35m (0.1ms)[0m  [1m[35mCREATE  INDEX "index_articles_on_user_id" ON "articles" ("user_id")[0m
  ↳ db/migrate/20190801115708_create_articles.rb:3
  [1m[36mActiveRecord::SchemaMigration Create (0.1ms)[0m  [1m[32mINSERT INTO "schema_migrations" ("version") VALUES (?)[0m  [["version", "20190801115708"]]
  ↳ bin/rails:9
  [1m[35m (88.8ms)[0m  [1m[36mcommit transaction[0m
  ↳ bin/rails:9
Migrating to AddIndexToArticles (20190801115834)
  [1m[35m (0.1ms)[0m  [1m[36mbegin transaction[0m
  ↳ bin/rails:9
  [1m[35m (0.5ms)[0m  [1m[35mALTER TABLE "articles" ADD "user_id" integer[0m
  ↳ db/migrate/20190801115834_add_index_to_articles.rb:3
  [1m[35m (0.1ms)[0m  [1m[31mrollback transaction[0m
  ↳ bin/rails:9
  [1m[35m (0.1ms)[0m  [1m[34mSELECT "schema_migrations"."version" FROM "schema_migrations" ORDER BY "schema_migrations"."version" ASC[0m
  ↳ bin/rails:9
Migrating to AddIndexToArticles (20190801115834)
  [1m[35m (0.1ms)[0m  [1m[34mSELECT "schema_migrations"."version" FROM "schema_migrations" ORDER BY "schema_migrations"."version" ASC[0m
  ↳ bin/rails:9
Migrating to AddIndexToArticles (20190801120408)
  [1m[35m (0.0ms)[0m  [1m[36mbegin transaction[0m
  ↳ bin/rails:9
  [1m[36mActiveRecord::SchemaMigration Create (0.3ms)[0m  [1m[32mINSERT INTO "schema_migrations" ("version") VALUES (?)[0m  [["version", "20190801120408"]]
  ↳ bin/rails:9
  [1m[35m (64.5ms)[0m  [1m[36mcommit transaction[0m
  ↳ bin/rails:9
  [1m[36mActiveRecord::InternalMetadata Load (0.2ms)[0m  [1m[34mSELECT  "ar_internal_metadata".* FROM "ar_internal_metadata" WHERE "ar_internal_metadata"."key" = ? LIMIT ?[0m  [["key", "environment"], ["LIMIT", 1]]
  ↳ bin/rails:9
  [1m[35m (0.1ms)[0m  [1m[36mbegin transaction[0m
  ↳ bin/rails:9
  [1m[36mActiveRecord::InternalMetadata Create (0.2ms)[0m  [1m[32mINSERT INTO "ar_internal_metadata" ("key", "value", "created_at", "updated_at") VALUES (?, ?, ?, ?)[0m  [["key", "environment"], ["value", "development"], ["created_at", "2019-08-01 12:04:48.598815"], ["updated_at", "2019-08-01 12:04:48.598815"]]
  ↳ bin/rails:9
  [1m[35m (66.1ms)[0m  [1m[36mcommit transaction[0m
  ↳ bin/rails:9
  [1m[35m (0.1ms)[0m  [1m[34mSELECT "schema_migrations"."version" FROM "schema_migrations" ORDER BY "schema_migrations"."version" ASC[0m
  ↳ bin/rails:9
  [1m[35m (0.1ms)[0m  [1m[34mSELECT "schema_migrations"."version" FROM "schema_migrations" ORDER BY "schema_migrations"."version" ASC[0m
  ↳ bin/rails:9
  [1m[36mActiveRecord::InternalMetadata Load (0.1ms)[0m  [1m[34mSELECT  "ar_internal_metadata".* FROM "ar_internal_metadata" WHERE "ar_internal_metadata"."key" = ? LIMIT ?[0m  [["key", "environment"], ["LIMIT", 1]]
  ↳ bin/rails:9
  [1m[35m (0.1ms)[0m  [1m[36mbegin transaction[0m
  ↳ bin/rails:9
  [1m[35m (0.0ms)[0m  [1m[36mcommit transaction[0m
  ↳ bin/rails:9
  [1m[35m (0.1ms)[0m  [1m[34mSELECT "schema_migrations"."version" FROM "schema_migrations" ORDER BY "schema_migrations"."version" ASC[0m
  ↳ bin/rails:9
  [1m[35m (0.1ms)[0m  [1m[36mbegin transaction[0m
  [1m[36mUser Create (0.3ms)[0m  [1m[32mINSERT INTO "users" ("first_name", "last_name", "age", "city", "created_at", "updated_at") VALUES (?, ?, ?, ?, ?, ?)[0m  [["first_name", "Fina"], ["last_name", "Fina"], ["age", 25], ["city", "Montpellier"], ["created_at", "2019-08-01 12:08:00.389569"], ["updated_at", "2019-08-01 12:08:00.389569"]]
  [1m[35m (59.4ms)[0m  [1m[36mcommit transaction[0m
  [1m[35m (0.1ms)[0m  [1m[36mbegin transaction[0m
  [1m[36mArticle Create (0.4ms)[0m  [1m[32mINSERT INTO "articles" ("user_id", "created_at", "updated_at") VALUES (?, ?, ?)[0m  [["user_id", 1], ["created_at", "2019-08-01 12:12:22.053246"], ["updated_at", "2019-08-01 12:12:22.053246"]]
  [1m[35m (54.5ms)[0m  [1m[36mcommit transaction[0m
  [1m[36mArticle Load (0.3ms)[0m  [1m[34mSELECT  "articles".* FROM "articles" ORDER BY "articles"."id" DESC LIMIT ?[0m  [["LIMIT", 1]]
  [1m[36mUser Load (0.2ms)[0m  [1m[34mSELECT  "users".* FROM "users" WHERE "users"."id" = ? LIMIT ?[0m  [["id", 1], ["LIMIT", 1]]
  [1m[36mArticle Load (0.2ms)[0m  [1m[34mSELECT  "articles".* FROM "articles" WHERE "articles"."user_id" = ? LIMIT ?[0m  [["user_id", 1], ["LIMIT", 11]]
  [1m[35m (0.1ms)[0m  [1m[36mbegin transaction[0m
  [1m[35m (0.1ms)[0m  [1m[31mrollback transaction[0m
  [1m[36mUser Load (0.3ms)[0m  [1m[34mSELECT  "users".* FROM "users" ORDER BY "users"."id" ASC LIMIT ?[0m  [["LIMIT", 1]]
  [1m[35m (0.1ms)[0m  [1m[36mbegin transaction[0m
  [1m[36mArticle Create (0.4ms)[0m  [1m[32mINSERT INTO "articles" ("user_id", "created_at", "updated_at") VALUES (?, ?, ?)[0m  [["user_id", 1], ["created_at", "2019-08-01 12:15:54.952010"], ["updated_at", "2019-08-01 12:15:54.952010"]]
  [1m[35m (53.1ms)[0m  [1m[36mcommit transaction[0m
  [1m[36mArticle Load (0.2ms)[0m  [1m[34mSELECT  "articles".* FROM "articles" ORDER BY "articles"."id" DESC LIMIT ?[0m  [["LIMIT", 1]]
  [1m[36mUser Load (0.1ms)[0m  [1m[34mSELECT  "users".* FROM "users" WHERE "users"."id" = ? LIMIT ?[0m  [["id", 1], ["LIMIT", 1]]
  [1m[36mArticle Load (0.1ms)[0m  [1m[34mSELECT  "articles".* FROM "articles" WHERE "articles"."user_id" = ? LIMIT ?[0m  [["user_id", 1], ["LIMIT", 11]]
  [1m[35m (0.1ms)[0m  [1m[34mSELECT "schema_migrations"."version" FROM "schema_migrations" ORDER BY "schema_migrations"."version" ASC[0m
  ↳ bin/rails:9
Migrating to CreatePatients (20190801122208)
  [1m[35m (0.0ms)[0m  [1m[36mbegin transaction[0m
  ↳ bin/rails:9
  [1m[35m (0.1ms)[0m  [1m[34mSELECT sqlite_version(*)[0m
  ↳ db/migrate/20190801122208_create_patients.rb:3
  [1m[35m (0.7ms)[0m  [1m[35mCREATE TABLE "patients" ("id" integer PRIMARY KEY AUTOINCREMENT NOT NULL, "created_at" datetime NOT NULL, "updated_at" datetime NOT NULL)[0m
  ↳ db/migrate/20190801122208_create_patients.rb:3
  [1m[36mActiveRecord::SchemaMigration Create (0.2ms)[0m  [1m[32mINSERT INTO "schema_migrations" ("version") VALUES (?)[0m  [["version", "20190801122208"]]
  ↳ bin/rails:9
  [1m[35m (96.2ms)[0m  [1m[36mcommit transaction[0m
  ↳ bin/rails:9
Migrating to CreateDoctors (20190801122218)
  [1m[35m (0.1ms)[0m  [1m[36mbegin transaction[0m
  ↳ bin/rails:9
  [1m[35m (0.8ms)[0m  [1m[35mCREATE TABLE "doctors" ("id" integer PRIMARY KEY AUTOINCREMENT NOT NULL, "created_at" datetime NOT NULL, "updated_at" datetime NOT NULL)[0m
  ↳ db/migrate/20190801122218_create_doctors.rb:3
  [1m[36mActiveRecord::SchemaMigration Create (0.1ms)[0m  [1m[32mINSERT INTO "schema_migrations" ("version") VALUES (?)[0m  [["version", "20190801122218"]]
  ↳ bin/rails:9
  [1m[35m (110.7ms)[0m  [1m[36mcommit transaction[0m
  ↳ bin/rails:9
Migrating to CreateAppointments (20190801122237)
  [1m[35m (0.1ms)[0m  [1m[36mbegin transaction[0m
  ↳ bin/rails:9
  [1m[35m (0.4ms)[0m  [1m[35mCREATE TABLE "appointments" ("id" integer PRIMARY KEY AUTOINCREMENT NOT NULL, "doctor_id" integer, "patient_id" integer, "created_at" datetime NOT NULL, "updated_at" datetime NOT NULL)[0m
  ↳ db/migrate/20190801122237_create_appointments.rb:3
  [1m[35m (0.2ms)[0m  [1m[35mCREATE  INDEX "index_appointments_on_doctor_id" ON "appointments" ("doctor_id")[0m
  ↳ db/migrate/20190801122237_create_appointments.rb:3
  [1m[35m (0.2ms)[0m  [1m[35mCREATE  INDEX "index_appointments_on_patient_id" ON "appointments" ("patient_id")[0m
  ↳ db/migrate/20190801122237_create_appointments.rb:3
  [1m[36mActiveRecord::SchemaMigration Create (0.2ms)[0m  [1m[32mINSERT INTO "schema_migrations" ("version") VALUES (?)[0m  [["version", "20190801122237"]]
  ↳ bin/rails:9
  [1m[35m (108.0ms)[0m  [1m[36mcommit transaction[0m
  ↳ bin/rails:9
  [1m[36mActiveRecord::InternalMetadata Load (0.2ms)[0m  [1m[34mSELECT  "ar_internal_metadata".* FROM "ar_internal_metadata" WHERE "ar_internal_metadata"."key" = ? LIMIT ?[0m  [["key", "environment"], ["LIMIT", 1]]
  ↳ bin/rails:9
  [1m[35m (0.1ms)[0m  [1m[36mbegin transaction[0m
  ↳ bin/rails:9
  [1m[35m (0.0ms)[0m  [1m[36mcommit transaction[0m
  ↳ bin/rails:9
  [1m[35m (0.1ms)[0m  [1m[34mSELECT "schema_migrations"."version" FROM "schema_migrations" ORDER BY "schema_migrations"."version" ASC[0m
  ↳ bin/rails:9
  [1m[35m (0.1ms)[0m  [1m[34mSELECT "schema_migrations"."version" FROM "schema_migrations" ORDER BY "schema_migrations"."version" ASC[0m
  ↳ bin/rails:9
  [1m[36mActiveRecord::InternalMetadata Load (0.1ms)[0m  [1m[34mSELECT  "ar_internal_metadata".* FROM "ar_internal_metadata" WHERE "ar_internal_metadata"."key" = ? LIMIT ?[0m  [["key", "environment"], ["LIMIT", 1]]
  ↳ bin/rails:9
  [1m[35m (0.0ms)[0m  [1m[36mbegin transaction[0m
  ↳ bin/rails:9
  [1m[35m (0.0ms)[0m  [1m[36mcommit transaction[0m
  ↳ bin/rails:9
  [1m[35m (0.1ms)[0m  [1m[34mSELECT "schema_migrations"."version" FROM "schema_migrations" ORDER BY "schema_migrations"."version" ASC[0m
  ↳ bin/rails:9
  [1m[35m (0.1ms)[0m  [1m[36mbegin transaction[0m
  [1m[36mDoctor Create (13.6ms)[0m  [1m[32mINSERT INTO "doctors" ("created_at", "updated_at") VALUES (?, ?)[0m  [["created_at", "2019-08-01 12:37:46.568495"], ["updated_at", "2019-08-01 12:37:46.568495"]]
  [1m[35m (77.1ms)[0m  [1m[36mcommit transaction[0m
  [1m[35m (0.1ms)[0m  [1m[36mbegin transaction[0m
  [1m[36mPatient Create (0.2ms)[0m  [1m[32mINSERT INTO "patients" ("created_at", "updated_at") VALUES (?, ?)[0m  [["created_at", "2019-08-01 12:37:57.999735"], ["updated_at", "2019-08-01 12:37:57.999735"]]
  [1m[35m (64.0ms)[0m  [1m[36mcommit transaction[0m
  [1m[35m (0.1ms)[0m  [1m[36mbegin transaction[0m
  [1m[36mAppointment Create (0.7ms)[0m  [1m[32mINSERT INTO "appointments" ("doctor_id", "patient_id", "created_at", "updated_at") VALUES (?, ?, ?, ?)[0m  [["doctor_id", 1], ["patient_id", 1], ["created_at", "2019-08-01 12:38:06.972566"], ["updated_at", "2019-08-01 12:38:06.972566"]]
  [1m[35m (79.4ms)[0m  [1m[36mcommit transaction[0m
  [1m[36mPatient Load (0.3ms)[0m  [1m[34mSELECT  "patients".* FROM "patients" INNER JOIN "appointments" ON "patients"."id" = "appointments"."patient_id" WHERE "appointments"."doctor_id" = ? LIMIT ?[0m  [["doctor_id", 1], ["LIMIT", 11]]
  [1m[36mDoctor Load (0.3ms)[0m  [1m[34mSELECT  "doctors".* FROM "doctors" INNER JOIN "appointments" ON "doctors"."id" = "appointments"."doctor_id" WHERE "appointments"."patient_id" = ? LIMIT ?[0m  [["patient_id", 1], ["LIMIT", 11]]
  [1m[35m (0.0ms)[0m  [1m[36mbegin transaction[0m
  [1m[36mDoctor Create (43.8ms)[0m  [1m[32mINSERT INTO "doctors" ("created_at", "updated_at") VALUES (?, ?)[0m  [["created_at", "2019-08-01 12:59:56.581701"], ["updated_at", "2019-08-01 12:59:56.581701"]]
  [1m[35m (91.5ms)[0m  [1m[36mcommit transaction[0m
  [1m[35m (12.7ms)[0m  [1m[34mSELECT "schema_migrations"."version" FROM "schema_migrations" ORDER BY "schema_migrations"."version" ASC[0m
  ↳ bin/rails:9
  [1m[36mActiveRecord::InternalMetadata Load (29.2ms)[0m  [1m[34mSELECT  "ar_internal_metadata".* FROM "ar_internal_metadata" WHERE "ar_internal_metadata"."key" = ? LIMIT ?[0m  [["key", "environment"], ["LIMIT", 1]]
  ↳ bin/rails:9
  [1m[35m (0.1ms)[0m  [1m[36mbegin transaction[0m
  ↳ bin/rails:9
  [1m[35m (0.1ms)[0m  [1m[36mcommit transaction[0m
  ↳ bin/rails:9
  [1m[35m (0.1ms)[0m  [1m[34mSELECT "schema_migrations"."version" FROM "schema_migrations" ORDER BY "schema_migrations"."version" ASC[0m
  ↳ bin/rails:9
  [1m[35m (0.1ms)[0m  [1m[34mSELECT "schema_migrations"."version" FROM "schema_migrations" ORDER BY "schema_migrations"."version" ASC[0m
  ↳ bin/rails:9
  [1m[36mActiveRecord::InternalMetadata Load (0.1ms)[0m  [1m[34mSELECT  "ar_internal_metadata".* FROM "ar_internal_metadata" WHERE "ar_internal_metadata"."key" = ? LIMIT ?[0m  [["key", "environment"], ["LIMIT", 1]]
  ↳ bin/rails:9
  [1m[35m (0.1ms)[0m  [1m[36mbegin transaction[0m
  ↳ bin/rails:9
  [1m[35m (0.0ms)[0m  [1m[36mcommit transaction[0m
  ↳ bin/rails:9
  [1m[35m (0.1ms)[0m  [1m[34mSELECT "schema_migrations"."version" FROM "schema_migrations" ORDER BY "schema_migrations"."version" ASC[0m
  ↳ bin/rails:9
  [1m[35m (0.1ms)[0m  [1m[36mbegin transaction[0m
  [1m[36mDoctor Create (14.8ms)[0m  [1m[32mINSERT INTO "doctors" ("created_at", "updated_at") VALUES (?, ?)[0m  [["created_at", "2019-08-01 13:30:27.645767"], ["updated_at", "2019-08-01 13:30:27.645767"]]
  [1m[35m (66.7ms)[0m  [1m[36mcommit transaction[0m
  [1m[35m (0.1ms)[0m  [1m[36mbegin transaction[0m
  [1m[36mPatient Create (9.8ms)[0m  [1m[32mINSERT INTO "patients" ("created_at", "updated_at") VALUES (?, ?)[0m  [["created_at", "2019-08-01 13:30:35.846738"], ["updated_at", "2019-08-01 13:30:35.846738"]]
  [1m[35m (322.4ms)[0m  [1m[36mcommit transaction[0m
  [1m[35m (0.1ms)[0m  [1m[36mbegin transaction[0m
  [1m[36mAppointment Create (17.1ms)[0m  [1m[32mINSERT INTO "appointments" ("doctor_id", "patient_id", "created_at", "updated_at") VALUES (?, ?, ?, ?)[0m  [["doctor_id", 3], ["patient_id", 2], ["created_at", "2019-08-01 13:30:42.849803"], ["updated_at", "2019-08-01 13:30:42.849803"]]
  [1m[35m (67.3ms)[0m  [1m[36mcommit transaction[0m
  [1m[36mPatient Load (0.2ms)[0m  [1m[34mSELECT  "patients".* FROM "patients" INNER JOIN "appointments" ON "patients"."id" = "appointments"."patient_id" WHERE "appointments"."doctor_id" = ? LIMIT ?[0m  [["doctor_id", 3], ["LIMIT", 11]]
  [1m[36mDoctor Load (0.3ms)[0m  [1m[34mSELECT  "doctors".* FROM "doctors" INNER JOIN "appointments" ON "doctors"."id" = "appointments"."doctor_id" WHERE "appointments"."patient_id" = ? LIMIT ?[0m  [["patient_id", 2], ["LIMIT", 11]]
